e:\uni year 2\game portfolio 2\models new 2.3\models\debug\models.res
e:\uni year 2\game portfolio 2\models new 2.4\models\debug\models.res
e:\uni year 2\game portfolio 2\models new 2.3\debug\models.ilk
e:\uni year 2\game portfolio 2\models new 2.3\debug\models.exe
e:\uni year 2\game portfolio 2\models new 2.3\debug\models.pdb
e:\uni year 2\game portfolio 2\models new 2.4\debug\models.ilk
e:\uni year 2\game portfolio 2\models new 2.4\debug\models.exe
e:\uni year 2\game portfolio 2\models new 2.4\debug\models.pdb
e:\uni year 2\game portfolio 2\models new 2.3\models\debug\vc140.pdb
e:\uni year 2\game portfolio 2\models new 2.3\models\debug\vc140.idb
e:\uni year 2\game portfolio 2\models new 2.3\models\debug\arccamera.obj
e:\uni year 2\game portfolio 2\models new 2.3\models\debug\dx11demobase.obj
e:\uni year 2\game portfolio 2\models new 2.3\models\debug\firstpersoncamera.obj
e:\uni year 2\game portfolio 2\models new 2.3\models\debug\frog.obj
e:\uni year 2\game portfolio 2\models new 2.3\models\debug\gameobject.obj
e:\uni year 2\game portfolio 2\models new 2.3\models\debug\main.obj
e:\uni year 2\game portfolio 2\models new 2.3\models\debug\mesh.obj
e:\uni year 2\game portfolio 2\models new 2.3\models\debug\modelsdemo.obj
e:\uni year 2\game portfolio 2\models new 2.3\models\debug\movingobject.obj
e:\uni year 2\game portfolio 2\models new 2.3\models\debug\objloader.obj
e:\uni year 2\game portfolio 2\models new 2.3\models\debug\player.obj
e:\uni year 2\game portfolio 2\models new 2.3\models\debug\rhino.obj
e:\uni year 2\game portfolio 2\models new 2.3\models\debug\shuriken.obj
e:\uni year 2\game portfolio 2\models new 2.3\models\debug\texture.obj
e:\uni year 2\game portfolio 2\models new 2.3\models\debug\tokenstream.obj
e:\uni year 2\game portfolio 2\models new 2.4\models\debug\vc140.pdb
e:\uni year 2\game portfolio 2\models new 2.4\models\debug\vc140.idb
e:\uni year 2\game portfolio 2\models new 2.4\models\debug\arccamera.obj
e:\uni year 2\game portfolio 2\models new 2.4\models\debug\dx11demobase.obj
e:\uni year 2\game portfolio 2\models new 2.4\models\debug\firstpersoncamera.obj
e:\uni year 2\game portfolio 2\models new 2.4\models\debug\frog.obj
e:\uni year 2\game portfolio 2\models new 2.4\models\debug\gameobject.obj
e:\uni year 2\game portfolio 2\models new 2.4\models\debug\main.obj
e:\uni year 2\game portfolio 2\models new 2.4\models\debug\mesh.obj
e:\uni year 2\game portfolio 2\models new 2.4\models\debug\modelsdemo.obj
e:\uni year 2\game portfolio 2\models new 2.4\models\debug\movingobject.obj
e:\uni year 2\game portfolio 2\models new 2.4\models\debug\objloader.obj
e:\uni year 2\game portfolio 2\models new 2.4\models\debug\player.obj
e:\uni year 2\game portfolio 2\models new 2.4\models\debug\rhino.obj
e:\uni year 2\game portfolio 2\models new 2.4\models\debug\shuriken.obj
e:\uni year 2\game portfolio 2\models new 2.4\models\debug\texture.obj
e:\uni year 2\game portfolio 2\models new 2.4\models\debug\tokenstream.obj
e:\uni year 2\game portfolio 2\models new 2.4\models\debug\models.tlog\cl.command.1.tlog
e:\uni year 2\game portfolio 2\models new 2.4\models\debug\models.tlog\rc.command.1.tlog
e:\uni year 2\game portfolio 2\models new 2.4\models\debug\models.tlog\link.command.1.tlog
e:\uni year 2\game portfolio 2\models new 2.4\models\debug\models.tlog\cl.read.1.tlog
e:\uni year 2\game portfolio 2\models new 2.4\models\debug\models.tlog\rc.read.1.tlog
e:\uni year 2\game portfolio 2\models new 2.4\models\debug\models.tlog\link.read.1.tlog
e:\uni year 2\game portfolio 2\models new 2.4\models\debug\models.tlog\rc.write.1.tlog
e:\uni year 2\game portfolio 2\models new 2.4\models\debug\models.tlog\link.write.1.tlog
e:\uni year 2\game portfolio 2\models new 2.4\models\debug\models.tlog\cl.write.1.tlog
